<?xml version="1.0" encoding="UTF-8"?>
<!-- Generated by org.testng.reporters.JUnitReportReporter -->
<testsuite skipped="0" hostname="BLRL42468" name="com.trishana.examples.ScreenShots.GoogleTest" tests="2" failures="0" timestamp="09 Jun 2019 05:30:52 GMT" time="35.709" errors="0">
  <testcase name="getGoogleButtonImage" time="22.106" classname="com.trishana.examples.ScreenShots.GoogleTest"/>
  <testcase name="getGoogleLogoImage" time="13.603" classname="com.trishana.examples.ScreenShots.GoogleTest"/>
</testsuite> <!-- com.trishana.examples.ScreenShots.GoogleTest -->
