<?xml version="1.0" encoding="UTF-8"?>
<!-- Generated by org.testng.reporters.JUnitReportReporter -->
<testsuite skipped="0" hostname="BLRL42468" name="com.trishana.examples.Flash.FlashPermadiTest" tests="1" failures="0" timestamp="28 Jun 2019 17:59:31 GMT" time="13.955" errors="0">
  <testcase name="testPermadi" time="13.955" classname="com.trishana.examples.Flash.FlashPermadiTest"/>
</testsuite> <!-- com.trishana.examples.Flash.FlashPermadiTest -->
