<?xml version="1.0" encoding="UTF-8"?>
<!-- Generated by org.testng.reporters.JUnitReportReporter -->
<testsuite skipped="0" hostname="BLRL42468" name="com.trishana.examples.Recording.DatePicker" tests="1" failures="0" timestamp="09 Jun 2019 05:44:58 GMT" time="48.269" errors="0">
  <testcase name="dateRecordingTest" time="48.269" classname="com.trishana.examples.Recording.DatePicker"/>
</testsuite> <!-- com.trishana.examples.Recording.DatePicker -->
