<?xml version="1.0" encoding="UTF-8"?>
<!-- Generated by org.testng.reporters.JUnitReportReporter -->
<testsuite skipped="0" hostname="BLRL42468" name="com.trishana.examples.ScreenShots.GoogleTest" tests="2" failures="0" timestamp="28 Jun 2019 06:03:29 GMT" time="19.890" errors="0">
  <testcase name="getGoogleButtonImage" time="8.642" classname="com.trishana.examples.ScreenShots.GoogleTest"/>
  <testcase name="getGoogleLogoImage" time="11.248" classname="com.trishana.examples.ScreenShots.GoogleTest"/>
</testsuite> <!-- com.trishana.examples.ScreenShots.GoogleTest -->
